<?xml version="1.0" encoding="UTF-8"?>
<coverage generated="1722527214144" clover="3.2.0">
  <project timestamp="1722527214144" name="All files">
    <metrics statements="32" coveredstatements="32" conditionals="4" coveredconditionals="3" methods="12" coveredmethods="12" elements="48" coveredelements="47" complexity="0" loc="32" ncloc="32" packages="2" files="3" classes="3"/>
    <package name="src">
      <metrics statements="17" coveredstatements="17" conditionals="0" coveredconditionals="0" methods="6" coveredmethods="6"/>
      <file name="App.js" path="/Users/java/careerfoundry/meet/src/App.js">
        <metrics statements="11" coveredstatements="11" conditionals="0" coveredconditionals="0" methods="3" coveredmethods="3"/>
        <line num="9" count="3" type="stmt"/>
        <line num="10" count="10" type="stmt"/>
        <line num="11" count="8" type="stmt"/>
        <line num="12" count="8" type="stmt"/>
        <line num="14" count="8" type="stmt"/>
        <line num="15" count="5" type="stmt"/>
        <line num="18" count="8" type="stmt"/>
        <line num="19" count="5" type="stmt"/>
        <line num="20" count="5" type="stmt"/>
        <line num="21" count="5" type="stmt"/>
        <line num="24" count="8" type="stmt"/>
      </file>
      <file name="api.js" path="/Users/java/careerfoundry/meet/src/api.js">
        <metrics statements="6" coveredstatements="6" conditionals="0" coveredconditionals="0" methods="3" coveredmethods="3"/>
        <line num="11" count="3" type="stmt"/>
        <line num="12" count="280" type="stmt"/>
        <line num="13" count="8" type="stmt"/>
        <line num="14" count="8" type="stmt"/>
        <line num="21" count="3" type="stmt"/>
        <line num="22" count="9" type="stmt"/>
      </file>
    </package>
    <package name="src.components">
      <metrics statements="15" coveredstatements="15" conditionals="4" coveredconditionals="3" methods="6" coveredmethods="6"/>
      <file name="CitySearch.js" path="/Users/java/careerfoundry/meet/src/components/CitySearch.js">
        <metrics statements="15" coveredstatements="15" conditionals="4" coveredconditionals="3" methods="6" coveredmethods="6"/>
        <line num="3" count="3" type="stmt"/>
        <line num="5" count="35" type="stmt"/>
        <line num="6" count="35" type="stmt"/>
        <line num="7" count="35" type="stmt"/>
        <line num="9" count="35" type="stmt"/>
        <line num="10" count="13" type="stmt"/>
        <line num="14" count="35" type="stmt"/>
        <line num="15" count="6" type="stmt"/>
        <line num="16" count="6" type="cond" truecount="1" falsecount="1"/>
        <line num="17" count="12" type="stmt"/>
        <line num="20" count="6" type="stmt"/>
        <line num="21" count="6" type="stmt"/>
        <line num="24" count="35" type="stmt"/>
        <line num="31" count="4" type="stmt"/>
        <line num="37" count="12" type="stmt"/>
      </file>
    </package>
  </project>
</coverage>
