{"/Users/java/careerfoundry/meet/src/App.js": {"path":"/Users/java/careerfoundry/meet/src/App.js","statementMap":{"0":{"start":{"line":9,"column":12},"end":{"line":31,"column":1}},"1":{"start":{"line":10,"column":30},"end":{"line":10,"column":42}},"2":{"start":{"line":11,"column":38},"end":{"line":11,"column":50}},"3":{"start":{"line":12,"column":42},"end":{"line":12,"column":54}},"4":{"start":{"line":14,"column":2},"end":{"line":16,"column":9}},"5":{"start":{"line":15,"column":4},"end":{"line":15,"column":16}},"6":{"start":{"line":18,"column":20},"end":{"line":22,"column":3}},"7":{"start":{"line":19,"column":22},"end":{"line":19,"column":39}},"8":{"start":{"line":20,"column":4},"end":{"line":20,"column":46}},"9":{"start":{"line":21,"column":4},"end":{"line":21,"column":49}},"10":{"start":{"line":24,"column":2},"end":{"line":30,"column":4}}},"fnMap":{"0":{"name":"(anonymous_0)","decl":{"start":{"line":9,"column":12},"end":{"line":9,"column":13}},"loc":{"start":{"line":9,"column":18},"end":{"line":31,"column":1}},"line":9},"1":{"name":"(anonymous_1)","decl":{"start":{"line":14,"column":12},"end":{"line":14,"column":13}},"loc":{"start":{"line":14,"column":18},"end":{"line":16,"column":3}},"line":14},"2":{"name":"(anonymous_2)","decl":{"start":{"line":18,"column":20},"end":{"line":18,"column":21}},"loc":{"start":{"line":18,"column":32},"end":{"line":22,"column":3}},"line":18}},"branchMap":{},"s":{"0":3,"1":10,"2":8,"3":8,"4":8,"5":5,"6":8,"7":5,"8":5,"9":5,"10":8},"f":{"0":10,"1":5,"2":5},"b":{},"_coverageSchema":"1a1c01bbd47fc00a2c39e90264f33305004495a9","hash":"db7f113f8e7555b6bb6f3871628fa4861567e5c8"}
,"/Users/java/careerfoundry/meet/src/api.js": {"path":"/Users/java/careerfoundry/meet/src/api.js","statementMap":{"0":{"start":{"line":11,"column":32},"end":{"line":15,"column":1}},"1":{"start":{"line":12,"column":29},"end":{"line":12,"column":66}},"2":{"start":{"line":12,"column":51},"end":{"line":12,"column":65}},"3":{"start":{"line":13,"column":20},"end":{"line":13,"column":52}},"4":{"start":{"line":14,"column":2},"end":{"line":14,"column":19}},"5":{"start":{"line":21,"column":25},"end":{"line":23,"column":1}},"6":{"start":{"line":22,"column":2},"end":{"line":22,"column":18}}},"fnMap":{"0":{"name":"(anonymous_0)","decl":{"start":{"line":11,"column":32},"end":{"line":11,"column":33}},"loc":{"start":{"line":11,"column":44},"end":{"line":15,"column":1}},"line":11},"1":{"name":"(anonymous_1)","decl":{"start":{"line":12,"column":40},"end":{"line":12,"column":41}},"loc":{"start":{"line":12,"column":51},"end":{"line":12,"column":65}},"line":12},"2":{"name":"(anonymous_2)","decl":{"start":{"line":21,"column":25},"end":{"line":21,"column":26}},"loc":{"start":{"line":21,"column":37},"end":{"line":23,"column":1}},"line":21}},"branchMap":{},"s":{"0":3,"1":8,"2":280,"3":8,"4":8,"5":3,"6":9},"f":{"0":8,"1":280,"2":9},"b":{},"_coverageSchema":"1a1c01bbd47fc00a2c39e90264f33305004495a9","hash":"b99a7f45ba962778b99e76f2575358b1ff7bd421"}
,"/Users/java/careerfoundry/meet/src/components/CitySearch.js": {"path":"/Users/java/careerfoundry/meet/src/components/CitySearch.js","statementMap":{"0":{"start":{"line":3,"column":19},"end":{"line":47,"column":1}},"1":{"start":{"line":5,"column":48},"end":{"line":5,"column":63}},"2":{"start":{"line":6,"column":28},"end":{"line":6,"column":40}},"3":{"start":{"line":7,"column":40},"end":{"line":7,"column":52}},"4":{"start":{"line":9,"column":2},"end":{"line":11,"column":26}},"5":{"start":{"line":10,"column":4},"end":{"line":10,"column":33}},"6":{"start":{"line":14,"column":29},"end":{"line":22,"column":3}},"7":{"start":{"line":15,"column":18},"end":{"line":15,"column":36}},"8":{"start":{"line":16,"column":30},"end":{"line":18,"column":11}},"9":{"start":{"line":17,"column":6},"end":{"line":17,"column":70}},"10":{"start":{"line":20,"column":4},"end":{"line":20,"column":20}},"11":{"start":{"line":21,"column":4},"end":{"line":21,"column":38}},"12":{"start":{"line":24,"column":2},"end":{"line":46,"column":3}},"13":{"start":{"line":31,"column":23},"end":{"line":31,"column":47}},"14":{"start":{"line":37,"column":12},"end":{"line":37,"column":57}}},"fnMap":{"0":{"name":"(anonymous_0)","decl":{"start":{"line":3,"column":19},"end":{"line":3,"column":20}},"loc":{"start":{"line":3,"column":41},"end":{"line":47,"column":1}},"line":3},"1":{"name":"(anonymous_1)","decl":{"start":{"line":9,"column":12},"end":{"line":9,"column":13}},"loc":{"start":{"line":9,"column":18},"end":{"line":11,"column":3}},"line":9},"2":{"name":"(anonymous_2)","decl":{"start":{"line":14,"column":29},"end":{"line":14,"column":30}},"loc":{"start":{"line":14,"column":40},"end":{"line":22,"column":3}},"line":14},"3":{"name":"(anonymous_3)","decl":{"start":{"line":16,"column":65},"end":{"line":16,"column":66}},"loc":{"start":{"line":16,"column":79},"end":{"line":18,"column":5}},"line":16},"4":{"name":"(anonymous_4)","decl":{"start":{"line":31,"column":17},"end":{"line":31,"column":18}},"loc":{"start":{"line":31,"column":23},"end":{"line":31,"column":47}},"line":31},"5":{"name":"(anonymous_5)","decl":{"start":{"line":36,"column":27},"end":{"line":36,"column":28}},"loc":{"start":{"line":36,"column":43},"end":{"line":38,"column":11}},"line":36}},"branchMap":{"0":{"loc":{"start":{"line":16,"column":30},"end":{"line":18,"column":11}},"type":"cond-expr","locations":[{"start":{"line":16,"column":45},"end":{"line":18,"column":6}},{"start":{"line":18,"column":9},"end":{"line":18,"column":11}}],"line":16},"1":{"loc":{"start":{"line":34,"column":7},"end":{"line":43,"column":14}},"type":"cond-expr","locations":[{"start":{"line":35,"column":8},"end":{"line":42,"column":13}},{"start":{"line":43,"column":10},"end":{"line":43,"column":14}}],"line":34}},"s":{"0":3,"1":35,"2":35,"3":35,"4":35,"5":13,"6":35,"7":6,"8":6,"9":12,"10":6,"11":6,"12":35,"13":4,"14":12},"f":{"0":35,"1":13,"2":6,"3":12,"4":4,"5":12},"b":{"0":[6,0],"1":[12,23]},"_coverageSchema":"1a1c01bbd47fc00a2c39e90264f33305004495a9","hash":"26b70fcd7dd45e424af5f0771013bdf798ee8526"}
}
