TN:
SF:src/App.js
FN:9,(anonymous_0)
FN:14,(anonymous_1)
FN:18,(anonymous_2)
FNF:3
FNH:3
FNDA:10,(anonymous_0)
FNDA:5,(anonymous_1)
FNDA:5,(anonymous_2)
DA:9,3
DA:10,10
DA:11,8
DA:12,8
DA:14,8
DA:15,5
DA:18,8
DA:19,5
DA:20,5
DA:21,5
DA:24,8
LF:11
LH:11
BRF:0
BRH:0
end_of_record
TN:
SF:src/api.js
FN:11,(anonymous_0)
FN:12,(anonymous_1)
FN:21,(anonymous_2)
FNF:3
FNH:3
FNDA:8,(anonymous_0)
FNDA:280,(anonymous_1)
FNDA:9,(anonymous_2)
DA:11,3
DA:12,280
DA:13,8
DA:14,8
DA:21,3
DA:22,9
LF:6
LH:6
BRF:0
BRH:0
end_of_record
TN:
SF:src/components/CitySearch.js
FN:3,(anonymous_0)
FN:9,(anonymous_1)
FN:14,(anonymous_2)
FN:16,(anonymous_3)
FN:31,(anonymous_4)
FN:36,(anonymous_5)
FNF:6
FNH:6
FNDA:35,(anonymous_0)
FNDA:13,(anonymous_1)
FNDA:6,(anonymous_2)
FNDA:12,(anonymous_3)
FNDA:4,(anonymous_4)
FNDA:12,(anonymous_5)
DA:3,3
DA:5,35
DA:6,35
DA:7,35
DA:9,35
DA:10,13
DA:14,35
DA:15,6
DA:16,6
DA:17,12
DA:20,6
DA:21,6
DA:24,35
DA:31,4
DA:37,12
LF:15
LH:15
BRDA:16,0,0,6
BRDA:16,0,1,0
BRDA:34,1,0,12
BRDA:34,1,1,23
BRF:4
BRH:3
end_of_record
